<?xml version="1.0" encoding="UTF-8"?>
<!-- Generated by org.testng.reporters.JUnitReportReporter -->
<testsuite skipped="0" hostname="LAPTOP-CESU4ELL" name="uploadPicture.UploadingFileBYSendKeys" tests="1" failures="0" timestamp="28 Jan 2021 06:14:13 GMT" time="20.747" errors="0">
  <testcase name="upload" time="20.747" classname="uploadPicture.UploadingFileBYSendKeys"/>
</testsuite> <!-- uploadPicture.UploadingFileBYSendKeys -->
